[2020-01-08 14:22:39,804] INFO org.github.dragos.vscode.Main$ - Starting server in c:\Users\Administrator\Desktop\study\aaplan\lmkad\BigDataLearning
[2020-01-08 14:22:39,804] INFO org.github.dragos.vscode.Main$ - Starting server in c:\Users\Administrator\Desktop\study\aaplan\lmkad\BigDataLearning
[2020-01-08 14:22:39,815] INFO org.github.dragos.vscode.Main$ - Classpath: c:\Users\Administrator\.vscode\extensions\dragos.scala-lsp-0.2.3\coursier
[2020-01-08 14:22:39,815] INFO org.github.dragos.vscode.Main$ - Classpath: c:\Users\Administrator\.vscode\extensions\dragos.scala-lsp-0.2.3\coursier
[2020-01-08 14:22:39,944] DEBUG langserver.core.MessageReader - Received headers:
Content-Length: 1268
[2020-01-08 14:22:39,944] DEBUG langserver.core.MessageReader - Received headers:
Content-Length: 1268
[2020-01-08 14:22:39,961] DEBUG langserver.core.Connection - Received {"jsonrpc":"2.0","id":0,"method":"initialize","params":{"processId":4704,"rootPath":"c:\\Users\\Administrator\\Desktop\\study\\aaplan\\lmkad\\BigDataLearning","rootUri":"file:///c%3A/Users/Administrator/Desktop/study/aaplan/lmkad/BigDataLearning","capabilities":{"workspace":{"applyEdit":true,"didChangeConfiguration":{"dynamicRegistration":false},"didChangeWatchedFiles":{"dynamicRegistration":false},"symbol":{"dynamicRegistration":true},"executeCommand":{"dynamicRegistration":true}},"textDocument":{"synchronization":{"dynamicRegistration":true,"willSave":true,"willSaveWaitUntil":true,"didSave":true},"completion":{"dynamicRegistration":true,"completionItem":{"snippetSupport":true}},"hover":{"dynamicRegistration":true},"signatureHelp":{"dynamicRegistration":true},"references":{"dynamicRegistration":true},"documentHighlight":{"dynamicRegistration":true},"documentSymbol":{"dynamicRegistration":true},"formatting":{"dynamicRegistration":true},"rangeFormatting":{"dynamicRegistration":true},"onTypeFormatting":{"dynamicRegistration":true},"definition":{"dynamicRegistration":true},"codeAction":{"dynamicRegistration":true},"codeLens":{"dynamicRegistration":true},"documentLink":{"dynamicRegistration":true},"rename":{"dynamicRegistration":true}}},"trace":"off"}}
[2020-01-08 14:22:39,961] DEBUG langserver.core.Connection - Received {"jsonrpc":"2.0","id":0,"method":"initialize","params":{"processId":4704,"rootPath":"c:\\Users\\Administrator\\Desktop\\study\\aaplan\\lmkad\\BigDataLearning","rootUri":"file:///c%3A/Users/Administrator/Desktop/study/aaplan/lmkad/BigDataLearning","capabilities":{"workspace":{"applyEdit":true,"didChangeConfiguration":{"dynamicRegistration":false},"didChangeWatchedFiles":{"dynamicRegistration":false},"symbol":{"dynamicRegistration":true},"executeCommand":{"dynamicRegistration":true}},"textDocument":{"synchronization":{"dynamicRegistration":true,"willSave":true,"willSaveWaitUntil":true,"didSave":true},"completion":{"dynamicRegistration":true,"completionItem":{"snippetSupport":true}},"hover":{"dynamicRegistration":true},"signatureHelp":{"dynamicRegistration":true},"references":{"dynamicRegistration":true},"documentHighlight":{"dynamicRegistration":true},"documentSymbol":{"dynamicRegistration":true},"formatting":{"dynamicRegistration":true},"rangeFormatting":{"dynamicRegistration":true},"onTypeFormatting":{"dynamicRegistration":true},"definition":{"dynamicRegistration":true},"codeAction":{"dynamicRegistration":true},"codeLens":{"dynamicRegistration":true},"documentLink":{"dynamicRegistration":true},"rename":{"dynamicRegistration":true}}},"trace":"off"}}
[2020-01-08 14:22:40,625] INFO org.github.dragos.vscode.EnsimeLanguageServer - Initialized with 4704, c:\Users\Administrator\Desktop\study\aaplan\lmkad\BigDataLearning, ClientCapabilities()
[2020-01-08 14:22:40,625] INFO org.github.dragos.vscode.EnsimeLanguageServer - Initialized with 4704, c:\Users\Administrator\Desktop\study\aaplan\lmkad\BigDataLearning, ClientCapabilities()
[2020-01-08 14:22:40,636] DEBUG org.github.dragos.vscode.EnsimeLanguageServer - ensime.config = "C:/Users/Administrator/Desktop/study/aaplan/lmkad/BigDataLearning/.ensime" 
[2020-01-08 14:22:40,636] DEBUG org.github.dragos.vscode.EnsimeLanguageServer - ensime.config = "C:/Users/Administrator/Desktop/study/aaplan/lmkad/BigDataLearning/.ensime" 
[2020-01-08 14:22:41,752] INFO akka.event.slf4j.Slf4jLogger - Slf4jLogger started
[2020-01-08 14:22:42,285] ERROR org.github.dragos.vscode.EnsimeLanguageServer - initializeEnsime Error: C:\Users\Administrator\Desktop\study\aaplan\lmkad\BigDataLearning\.ensime
[2020-01-08 14:22:42,285] ERROR org.github.dragos.vscode.EnsimeLanguageServer - initializeEnsime Error: C:\Users\Administrator\Desktop\study\aaplan\lmkad\BigDataLearning\.ensime
[2020-01-08 14:22:42,436] DEBUG langserver.core.MessageWriter - Content-Length: 146



{"jsonrpc":"2.0","method":"window/showMessage","params":{"tpe":1,"message":"No .ensime file in directory. Run `sbt ensimeConfig` to create one."}}
[2020-01-08 14:22:42,436] DEBUG langserver.core.MessageWriter - Content-Length: 146



{"jsonrpc":"2.0","method":"window/showMessage","params":{"tpe":1,"message":"No .ensime file in directory. Run `sbt ensimeConfig` to create one."}}
[2020-01-08 14:22:42,436] DEBUG langserver.core.MessageWriter - payload: {"jsonrpc":"2.0","method":"window/showMessage","params":{"tpe":1,"message":"No .ensime file in directory. Run `sbt ensimeConfig` to create one."}}
[2020-01-08 14:22:42,436] DEBUG langserver.core.MessageWriter - payload: {"jsonrpc":"2.0","method":"window/showMessage","params":{"tpe":1,"message":"No .ensime file in directory. Run `sbt ensimeConfig` to create one."}}
[2020-01-08 14:22:42,569] DEBUG langserver.core.MessageWriter - Content-Length: 441



{"jsonrpc":"2.0","result":{"capabilities":{"textDocumentSync":1,"hoverProvider":true,"completionProvider":{"resolveProvider":false,"triggerCharacters":["."]},"definitionProvider":true,"referencesProvider":false,"documentHighlightProvider":false,"documentSymbolProvider":true,"workspaceSymbolProvider":false,"codeActionProvider":false,"documentFormattingProvider":false,"documentRangeFormattingProvider":false,"renameProvider":false}},"id":0}
[2020-01-08 14:22:42,569] DEBUG langserver.core.MessageWriter - Content-Length: 441



{"jsonrpc":"2.0","result":{"capabilities":{"textDocumentSync":1,"hoverProvider":true,"completionProvider":{"resolveProvider":false,"triggerCharacters":["."]},"definitionProvider":true,"referencesProvider":false,"documentHighlightProvider":false,"documentSymbolProvider":true,"workspaceSymbolProvider":false,"codeActionProvider":false,"documentFormattingProvider":false,"documentRangeFormattingProvider":false,"renameProvider":false}},"id":0}
[2020-01-08 14:22:42,569] DEBUG langserver.core.MessageWriter - payload: {"jsonrpc":"2.0","result":{"capabilities":{"textDocumentSync":1,"hoverProvider":true,"completionProvider":{"resolveProvider":false,"triggerCharacters":["."]},"definitionProvider":true,"referencesProvider":false,"documentHighlightProvider":false,"documentSymbolProvider":true,"workspaceSymbolProvider":false,"codeActionProvider":false,"documentFormattingProvider":false,"documentRangeFormattingProvider":false,"renameProvider":false}},"id":0}
[2020-01-08 14:22:42,569] DEBUG langserver.core.MessageWriter - payload: {"jsonrpc":"2.0","result":{"capabilities":{"textDocumentSync":1,"hoverProvider":true,"completionProvider":{"resolveProvider":false,"triggerCharacters":["."]},"definitionProvider":true,"referencesProvider":false,"documentHighlightProvider":false,"documentSymbolProvider":true,"workspaceSymbolProvider":false,"codeActionProvider":false,"documentFormattingProvider":false,"documentRangeFormattingProvider":false,"renameProvider":false}},"id":0}
[2020-01-08 14:22:42,572] DEBUG langserver.core.MessageReader - Received headers:
Content-Length: 52
[2020-01-08 14:22:42,572] DEBUG langserver.core.MessageReader - Received headers:
Content-Length: 52
[2020-01-08 14:22:42,579] DEBUG langserver.core.Connection - Received {"jsonrpc":"2.0","method":"initialized","params":{}}
[2020-01-08 14:22:42,579] DEBUG langserver.core.Connection - Received {"jsonrpc":"2.0","method":"initialized","params":{}}
[2020-01-08 14:22:42,607] ERROR org.github.dragos.vscode.EnsimeLanguageServer - Unknown notification Initialized()
[2020-01-08 14:22:42,607] ERROR org.github.dragos.vscode.EnsimeLanguageServer - Unknown notification Initialized()
[2020-01-08 21:14:30,697] DEBUG langserver.core.MessageReader - Received headers:
Content-Length: 58
[2020-01-08 21:14:30,697] DEBUG langserver.core.MessageReader - Received headers:
Content-Length: 58
[2020-01-08 21:14:30,760] DEBUG langserver.core.Connection - Received {"jsonrpc":"2.0","id":1,"method":"shutdown","params":null}
[2020-01-08 21:14:30,760] DEBUG langserver.core.Connection - Received {"jsonrpc":"2.0","id":1,"method":"shutdown","params":null}
[2020-01-08 21:14:30,969] DEBUG langserver.core.MessageWriter - Content-Length: 198



{"jsonrpc":"2.0","error":{"code":-32602,"message":"Invalid params","data":{"meaning":"Invalid method parameter(s).","error":{"obj":[{"msg":["command parameters must be given"],"args":[]}]}}},"id":1}
[2020-01-08 21:14:30,969] DEBUG langserver.core.MessageWriter - Content-Length: 198



{"jsonrpc":"2.0","error":{"code":-32602,"message":"Invalid params","data":{"meaning":"Invalid method parameter(s).","error":{"obj":[{"msg":["command parameters must be given"],"args":[]}]}}},"id":1}
[2020-01-08 21:14:30,970] DEBUG langserver.core.MessageWriter - payload: {"jsonrpc":"2.0","error":{"code":-32602,"message":"Invalid params","data":{"meaning":"Invalid method parameter(s).","error":{"obj":[{"msg":["command parameters must be given"],"args":[]}]}}},"id":1}
[2020-01-08 21:14:30,970] DEBUG langserver.core.MessageWriter - payload: {"jsonrpc":"2.0","error":{"code":-32602,"message":"Invalid params","data":{"meaning":"Invalid method parameter(s).","error":{"obj":[{"msg":["command parameters must be given"],"args":[]}]}}},"id":1}
