java.nio.file.NoSuchFileException: C:\Users\Administrator\Desktop\study\aaplan\lmkad\BigDataLearning\.ensime
	at sun.nio.fs.WindowsException.translateToIOException(Unknown Source)
	at sun.nio.fs.WindowsException.rethrowAsIOException(Unknown Source)
	at sun.nio.fs.WindowsException.rethrowAsIOException(Unknown Source)
	at sun.nio.fs.WindowsFileSystemProvider.newByteChannel(Unknown Source)
	at java.nio.file.Files.newByteChannel(Unknown Source)
	at java.nio.file.Files.newByteChannel(Unknown Source)
	at java.nio.file.Files.readAllBytes(Unknown Source)
	at org.ensime.util.path.package$RichPath$.readBytes$extension(path.scala:40)
	at org.ensime.util.path.package$RichPath$.readString$extension(path.scala:41)
	at org.github.dragos.vscode.EnsimeLanguageServer.$anonfun$initializeEnsime$1(EnsimeLanguageServer.scala:101)
	at scala.util.Try$.apply(Try.scala:209)
	at org.github.dragos.vscode.EnsimeLanguageServer.initializeEnsime(EnsimeLanguageServer.scala:97)
	at org.github.dragos.vscode.EnsimeLanguageServer.initialize(EnsimeLanguageServer.scala:76)
	at langserver.core.LanguageServer.$anonfun$connection$1(LanguageServer.scala:19)
	at langserver.core.Connection.$anonfun$handleCommand$1(Connection.scala:163)
	at scala.concurrent.Future$.$anonfun$apply$1(Future.scala:654)
	at scala.util.Success.$anonfun$map$1(Try.scala:251)
	at scala.util.Success.map(Try.scala:209)
	at scala.concurrent.Future.$anonfun$map$1(Future.scala:288)
	at scala.concurrent.impl.Promise.liftedTree1$1(Promise.scala:29)
	at scala.concurrent.impl.Promise.$anonfun$transform$1(Promise.scala:29)
	at scala.concurrent.impl.CallbackRunnable.run(Promise.scala:60)
	at java.util.concurrent.ThreadPoolExecutor.runWorker(Unknown Source)
	at java.util.concurrent.ThreadPoolExecutor$Worker.run(Unknown Source)
	at java.lang.Thread.run(Unknown Source)
